This is pdfTeX, Version 3.14159265-2.6-1.40.17 (MiKTeX 2.9 64-bit) (preloaded format=pdflatex 2016.10.24)  20 AUG 2018 22:30
entering extended mode
**./document_KK.tex
(document_KK.tex
LaTeX2e <2016/03/31> patch level 3
Babel <3.9r> and hyphenation patterns for 75 language(s) loaded.
("C:\Program Files\MiKTeX 2.9\tex\latex\mwcls\mwbk.cls"
Document Class: mwbk 2009/09/27 v0.74 A LaTeX document class (MW)
*** Beta version. Formatting may change
*** in future versions of this class.
\l@nohyphenation=\language75
("C:\Program Files\MiKTeX 2.9\tex\latex\mwcls\mwbk12.clo"
File: mwbk12.clo 2009/09/27 v0.74 A document class size option (MW)
)
\@parindent=\dimen102
\c@part=\count79
\c@chapter=\count80
\c@section=\count81
\c@subsection=\count82
\c@subsubsection=\count83
\c@paragraph=\count84
\c@subparagraph=\count85
\c@figure=\count86
\c@table=\count87
\abovecaptionskip=\skip41
\belowcaptionskip=\skip42
\bibindent=\dimen103
)
("C:\Program Files\MiKTeX 2.9\tex\latex\base\inputenc.sty"
Package: inputenc 2015/03/17 v1.2c Input encoding file
\inpenc@prehook=\toks14
\inpenc@posthook=\toks15

("C:\Program Files\MiKTeX 2.9\tex\latex\base\utf8.def"
File: utf8.def 2016/02/28 v1.1s UTF-8 support for inputenc
Now handling font encoding OML ...
... no UTF-8 mapping file for font encoding OML
Now handling font encoding T1 ...
... processing UTF-8 mapping file for font encoding T1

("C:\Program Files\MiKTeX 2.9\tex\latex\base\t1enc.dfu"
File: t1enc.dfu 2016/02/28 v1.1s UTF-8 support for inputenc
   defining Unicode char U+00A0 (decimal 160)
   defining Unicode char U+00A1 (decimal 161)
   defining Unicode char U+00A3 (decimal 163)
   defining Unicode char U+00AB (decimal 171)
   defining Unicode char U+00AD (decimal 173)
   defining Unicode char U+00BB (decimal 187)
   defining Unicode char U+00BF (decimal 191)
   defining Unicode char U+00C0 (decimal 192)
   defining Unicode char U+00C1 (decimal 193)
   defining Unicode char U+00C2 (decimal 194)
   defining Unicode char U+00C3 (decimal 195)
   defining Unicode char U+00C4 (decimal 196)
   defining Unicode char U+00C5 (decimal 197)
   defining Unicode char U+00C6 (decimal 198)
   defining Unicode char U+00C7 (decimal 199)
   defining Unicode char U+00C8 (decimal 200)
   defining Unicode char U+00C9 (decimal 201)
   defining Unicode char U+00CA (decimal 202)
   defining Unicode char U+00CB (decimal 203)
   defining Unicode char U+00CC (decimal 204)
   defining Unicode char U+00CD (decimal 205)
   defining Unicode char U+00CE (decimal 206)
   defining Unicode char U+00CF (decimal 207)
   defining Unicode char U+00D0 (decimal 208)
   defining Unicode char U+00D1 (decimal 209)
   defining Unicode char U+00D2 (decimal 210)
   defining Unicode char U+00D3 (decimal 211)
   defining Unicode char U+00D4 (decimal 212)
   defining Unicode char U+00D5 (decimal 213)
   defining Unicode char U+00D6 (decimal 214)
   defining Unicode char U+00D8 (decimal 216)
   defining Unicode char U+00D9 (decimal 217)
   defining Unicode char U+00DA (decimal 218)
   defining Unicode char U+00DB (decimal 219)
   defining Unicode char U+00DC (decimal 220)
   defining Unicode char U+00DD (decimal 221)
   defining Unicode char U+00DE (decimal 222)
   defining Unicode char U+00DF (decimal 223)
   defining Unicode char U+00E0 (decimal 224)
   defining Unicode char U+00E1 (decimal 225)
   defining Unicode char U+00E2 (decimal 226)
   defining Unicode char U+00E3 (decimal 227)
   defining Unicode char U+00E4 (decimal 228)
   defining Unicode char U+00E5 (decimal 229)
   defining Unicode char U+00E6 (decimal 230)
   defining Unicode char U+00E7 (decimal 231)
   defining Unicode char U+00E8 (decimal 232)
   defining Unicode char U+00E9 (decimal 233)
   defining Unicode char U+00EA (decimal 234)
   defining Unicode char U+00EB (decimal 235)
   defining Unicode char U+00EC (decimal 236)
   defining Unicode char U+00ED (decimal 237)
   defining Unicode char U+00EE (decimal 238)
   defining Unicode char U+00EF (decimal 239)
   defining Unicode char U+00F0 (decimal 240)
   defining Unicode char U+00F1 (decimal 241)
   defining Unicode char U+00F2 (decimal 242)
   defining Unicode char U+00F3 (decimal 243)
   defining Unicode char U+00F4 (decimal 244)
   defining Unicode char U+00F5 (decimal 245)
   defining Unicode char U+00F6 (decimal 246)
   defining Unicode char U+00F8 (decimal 248)
   defining Unicode char U+00F9 (decimal 249)
   defining Unicode char U+00FA (decimal 250)
   defining Unicode char U+00FB (decimal 251)
   defining Unicode char U+00FC (decimal 252)
   defining Unicode char U+00FD (decimal 253)
   defining Unicode char U+00FE (decimal 254)
   defining Unicode char U+00FF (decimal 255)
   defining Unicode char U+0100 (decimal 256)
   defining Unicode char U+0101 (decimal 257)
   defining Unicode char U+0102 (decimal 258)
   defining Unicode char U+0103 (decimal 259)
   defining Unicode char U+0104 (decimal 260)
   defining Unicode char U+0105 (decimal 261)
   defining Unicode char U+0106 (decimal 262)
   defining Unicode char U+0107 (decimal 263)
   defining Unicode char U+0108 (decimal 264)
   defining Unicode char U+0109 (decimal 265)
   defining Unicode char U+010A (decimal 266)
   defining Unicode char U+010B (decimal 267)
   defining Unicode char U+010C (decimal 268)
   defining Unicode char U+010D (decimal 269)
   defining Unicode char U+010E (decimal 270)
   defining Unicode char U+010F (decimal 271)
   defining Unicode char U+0110 (decimal 272)
   defining Unicode char U+0111 (decimal 273)
   defining Unicode char U+0112 (decimal 274)
   defining Unicode char U+0113 (decimal 275)
   defining Unicode char U+0114 (decimal 276)
   defining Unicode char U+0115 (decimal 277)
   defining Unicode char U+0116 (decimal 278)
   defining Unicode char U+0117 (decimal 279)
   defining Unicode char U+0118 (decimal 280)
   defining Unicode char U+0119 (decimal 281)
   defining Unicode char U+011A (decimal 282)
   defining Unicode char U+011B (decimal 283)
   defining Unicode char U+011C (decimal 284)
   defining Unicode char U+011D (decimal 285)
   defining Unicode char U+011E (decimal 286)
   defining Unicode char U+011F (decimal 287)
   defining Unicode char U+0120 (decimal 288)
   defining Unicode char U+0121 (decimal 289)
   defining Unicode char U+0122 (decimal 290)
   defining Unicode char U+0123 (decimal 291)
   defining Unicode char U+0124 (decimal 292)
   defining Unicode char U+0125 (decimal 293)
   defining Unicode char U+0128 (decimal 296)
   defining Unicode char U+0129 (decimal 297)
   defining Unicode char U+012A (decimal 298)
   defining Unicode char U+012B (decimal 299)
   defining Unicode char U+012C (decimal 300)
   defining Unicode char U+012D (decimal 301)
   defining Unicode char U+012E (decimal 302)
   defining Unicode char U+012F (decimal 303)
   defining Unicode char U+0130 (decimal 304)
   defining Unicode char U+0131 (decimal 305)
   defining Unicode char U+0132 (decimal 306)
   defining Unicode char U+0133 (decimal 307)
   defining Unicode char U+0134 (decimal 308)
   defining Unicode char U+0135 (decimal 309)
   defining Unicode char U+0136 (decimal 310)
   defining Unicode char U+0137 (decimal 311)
   defining Unicode char U+0139 (decimal 313)
   defining Unicode char U+013A (decimal 314)
   defining Unicode char U+013B (decimal 315)
   defining Unicode char U+013C (decimal 316)
   defining Unicode char U+013D (decimal 317)
   defining Unicode char U+013E (decimal 318)
   defining Unicode char U+0141 (decimal 321)
   defining Unicode char U+0142 (decimal 322)
   defining Unicode char U+0143 (decimal 323)
   defining Unicode char U+0144 (decimal 324)
   defining Unicode char U+0145 (decimal 325)
   defining Unicode char U+0146 (decimal 326)
   defining Unicode char U+0147 (decimal 327)
   defining Unicode char U+0148 (decimal 328)
   defining Unicode char U+014A (decimal 330)
   defining Unicode char U+014B (decimal 331)
   defining Unicode char U+014C (decimal 332)
   defining Unicode char U+014D (decimal 333)
   defining Unicode char U+014E (decimal 334)
   defining Unicode char U+014F (decimal 335)
   defining Unicode char U+0150 (decimal 336)
   defining Unicode char U+0151 (decimal 337)
   defining Unicode char U+0152 (decimal 338)
   defining Unicode char U+0153 (decimal 339)
   defining Unicode char U+0154 (decimal 340)
   defining Unicode char U+0155 (decimal 341)
   defining Unicode char U+0156 (decimal 342)
   defining Unicode char U+0157 (decimal 343)
   defining Unicode char U+0158 (decimal 344)
   defining Unicode char U+0159 (decimal 345)
   defining Unicode char U+015A (decimal 346)
   defining Unicode char U+015B (decimal 347)
   defining Unicode char U+015C (decimal 348)
   defining Unicode char U+015D (decimal 349)
   defining Unicode char U+015E (decimal 350)
   defining Unicode char U+015F (decimal 351)
   defining Unicode char U+0160 (decimal 352)
   defining Unicode char U+0161 (decimal 353)
   defining Unicode char U+0162 (decimal 354)
   defining Unicode char U+0163 (decimal 355)
   defining Unicode char U+0164 (decimal 356)
   defining Unicode char U+0165 (decimal 357)
   defining Unicode char U+0168 (decimal 360)
   defining Unicode char U+0169 (decimal 361)
   defining Unicode char U+016A (decimal 362)
   defining Unicode char U+016B (decimal 363)
   defining Unicode char U+016C (decimal 364)
   defining Unicode char U+016D (decimal 365)
   defining Unicode char U+016E (decimal 366)
   defining Unicode char U+016F (decimal 367)
   defining Unicode char U+0170 (decimal 368)
   defining Unicode char U+0171 (decimal 369)
   defining Unicode char U+0172 (decimal 370)
   defining Unicode char U+0173 (decimal 371)
   defining Unicode char U+0174 (decimal 372)
   defining Unicode char U+0175 (decimal 373)
   defining Unicode char U+0176 (decimal 374)
   defining Unicode char U+0177 (decimal 375)
   defining Unicode char U+0178 (decimal 376)
   defining Unicode char U+0179 (decimal 377)
   defining Unicode char U+017A (decimal 378)
   defining Unicode char U+017B (decimal 379)
   defining Unicode char U+017C (decimal 380)
   defining Unicode char U+017D (decimal 381)
   defining Unicode char U+017E (decimal 382)
   defining Unicode char U+01CD (decimal 461)
   defining Unicode char U+01CE (decimal 462)
   defining Unicode char U+01CF (decimal 463)
   defining Unicode char U+01D0 (decimal 464)
   defining Unicode char U+01D1 (decimal 465)
   defining Unicode char U+01D2 (decimal 466)
   defining Unicode char U+01D3 (decimal 467)
   defining Unicode char U+01D4 (decimal 468)
   defining Unicode char U+01E2 (decimal 482)
   defining Unicode char U+01E3 (decimal 483)
   defining Unicode char U+01E6 (decimal 486)
   defining Unicode char U+01E7 (decimal 487)
   defining Unicode char U+01E8 (decimal 488)
   defining Unicode char U+01E9 (decimal 489)
   defining Unicode char U+01EA (decimal 490)
   defining Unicode char U+01EB (decimal 491)
   defining Unicode char U+01F0 (decimal 496)
   defining Unicode char U+01F4 (decimal 500)
   defining Unicode char U+01F5 (decimal 501)
   defining Unicode char U+0218 (decimal 536)
   defining Unicode char U+0219 (decimal 537)
   defining Unicode char U+021A (decimal 538)
   defining Unicode char U+021B (decimal 539)
   defining Unicode char U+1E02 (decimal 7682)
   defining Unicode char U+1E03 (decimal 7683)
   defining Unicode char U+200C (decimal 8204)
   defining Unicode char U+2010 (decimal 8208)
   defining Unicode char U+2011 (decimal 8209)
   defining Unicode char U+2012 (decimal 8210)
   defining Unicode char U+2013 (decimal 8211)
   defining Unicode char U+2014 (decimal 8212)
   defining Unicode char U+2015 (decimal 8213)
   defining Unicode char U+2018 (decimal 8216)
   defining Unicode char U+2019 (decimal 8217)
   defining Unicode char U+201A (decimal 8218)
   defining Unicode char U+201C (decimal 8220)
   defining Unicode char U+201D (decimal 8221)
   defining Unicode char U+201E (decimal 8222)
   defining Unicode char U+2030 (decimal 8240)
   defining Unicode char U+2031 (decimal 8241)
   defining Unicode char U+2039 (decimal 8249)
   defining Unicode char U+203A (decimal 8250)
   defining Unicode char U+2423 (decimal 9251)
)
Now handling font encoding OT1 ...
... processing UTF-8 mapping file for font encoding OT1

("C:\Program Files\MiKTeX 2.9\tex\latex\base\ot1enc.dfu"
File: ot1enc.dfu 2016/02/28 v1.1s UTF-8 support for inputenc
   defining Unicode char U+00A0 (decimal 160)
   defining Unicode char U+00A1 (decimal 161)
   defining Unicode char U+00A3 (decimal 163)
   defining Unicode char U+00AD (decimal 173)
   defining Unicode char U+00B8 (decimal 184)
   defining Unicode char U+00BF (decimal 191)
   defining Unicode char U+00C5 (decimal 197)
   defining Unicode char U+00C6 (decimal 198)
   defining Unicode char U+00D8 (decimal 216)
   defining Unicode char U+00DF (decimal 223)
   defining Unicode char U+00E6 (decimal 230)
   defining Unicode char U+00EC (decimal 236)
   defining Unicode char U+00ED (decimal 237)
   defining Unicode char U+00EE (decimal 238)
   defining Unicode char U+00EF (decimal 239)
   defining Unicode char U+00F8 (decimal 248)
   defining Unicode char U+0131 (decimal 305)
   defining Unicode char U+0141 (decimal 321)
   defining Unicode char U+0142 (decimal 322)
   defining Unicode char U+0152 (decimal 338)
   defining Unicode char U+0153 (decimal 339)
   defining Unicode char U+0174 (decimal 372)
   defining Unicode char U+0175 (decimal 373)
   defining Unicode char U+0176 (decimal 374)
   defining Unicode char U+0177 (decimal 375)
   defining Unicode char U+0218 (decimal 536)
   defining Unicode char U+0219 (decimal 537)
   defining Unicode char U+021A (decimal 538)
   defining Unicode char U+021B (decimal 539)
   defining Unicode char U+2013 (decimal 8211)
   defining Unicode char U+2014 (decimal 8212)
   defining Unicode char U+2018 (decimal 8216)
   defining Unicode char U+2019 (decimal 8217)
   defining Unicode char U+201C (decimal 8220)
   defining Unicode char U+201D (decimal 8221)
)
Now handling font encoding OMS ...
... processing UTF-8 mapping file for font encoding OMS

("C:\Program Files\MiKTeX 2.9\tex\latex\base\omsenc.dfu"
File: omsenc.dfu 2016/02/28 v1.1s UTF-8 support for inputenc
   defining Unicode char U+00A7 (decimal 167)
   defining Unicode char U+00B6 (decimal 182)
   defining Unicode char U+00B7 (decimal 183)
   defining Unicode char U+2020 (decimal 8224)
   defining Unicode char U+2021 (decimal 8225)
   defining Unicode char U+2022 (decimal 8226)
)
Now handling font encoding OMX ...
... no UTF-8 mapping file for font encoding OMX
Now handling font encoding U ...
... no UTF-8 mapping file for font encoding U
   defining Unicode char U+00A9 (decimal 169)
   defining Unicode char U+00AA (decimal 170)
   defining Unicode char U+00AE (decimal 174)
   defining Unicode char U+00BA (decimal 186)
   defining Unicode char U+02C6 (decimal 710)
   defining Unicode char U+02DC (decimal 732)
   defining Unicode char U+200C (decimal 8204)
   defining Unicode char U+2026 (decimal 8230)
   defining Unicode char U+2122 (decimal 8482)
   defining Unicode char U+2423 (decimal 9251)
))
("C:\Program Files\MiKTeX 2.9\tex\latex\amsmath\amsmath.sty"
Package: amsmath 2016/06/28 v2.15d AMS math features
\@mathmargin=\skip43

For additional information on amsmath, use the `?' option.
("C:\Program Files\MiKTeX 2.9\tex\latex\amsmath\amstext.sty"
Package: amstext 2000/06/29 v2.01 AMS text

("C:\Program Files\MiKTeX 2.9\tex\latex\amsmath\amsgen.sty"
File: amsgen.sty 1999/11/30 v2.0 generic functions
\@emptytoks=\toks16
\ex@=\dimen104
))
("C:\Program Files\MiKTeX 2.9\tex\latex\amsmath\amsbsy.sty"
Package: amsbsy 1999/11/29 v1.2d Bold Symbols
\pmbraise@=\dimen105
)
("C:\Program Files\MiKTeX 2.9\tex\latex\amsmath\amsopn.sty"
Package: amsopn 2016/03/08 v2.02 operator names
)
\inf@bad=\count88
LaTeX Info: Redefining \frac on input line 199.
\uproot@=\count89
\leftroot@=\count90
LaTeX Info: Redefining \overline on input line 297.
\classnum@=\count91
\DOTSCASE@=\count92
LaTeX Info: Redefining \ldots on input line 394.
LaTeX Info: Redefining \dots on input line 397.
LaTeX Info: Redefining \cdots on input line 518.
\Mathstrutbox@=\box26
\strutbox@=\box27
\big@size=\dimen106
LaTeX Font Info:    Redeclaring font encoding OML on input line 634.
LaTeX Font Info:    Redeclaring font encoding OMS on input line 635.
\macc@depth=\count93
\c@MaxMatrixCols=\count94
\dotsspace@=\muskip10
\c@parentequation=\count95
\dspbrk@lvl=\count96
\tag@help=\toks17
\row@=\count97
\column@=\count98
\maxfields@=\count99
\andhelp@=\toks18
\eqnshift@=\dimen107
\alignsep@=\dimen108
\tagshift@=\dimen109
\tagwidth@=\dimen110
\totwidth@=\dimen111
\lineht@=\dimen112
\@envbody=\toks19
\multlinegap=\skip44
\multlinetaggap=\skip45
\mathdisplay@stack=\toks20
LaTeX Info: Redefining \[ on input line 2739.
LaTeX Info: Redefining \] on input line 2740.
)
("C:\Program Files\MiKTeX 2.9\tex\latex\amsfonts\amssymb.sty"
Package: amssymb 2013/01/14 v3.01 AMS font symbols

("C:\Program Files\MiKTeX 2.9\tex\latex\amsfonts\amsfonts.sty"
Package: amsfonts 2013/01/14 v3.01 Basic AMSFonts support
\symAMSa=\mathgroup4
\symAMSb=\mathgroup5
LaTeX Font Info:    Overwriting math alphabet `\mathfrak' in version `bold'
(Font)                  U/euf/m/n --> U/euf/b/n on input line 106.
))
("C:\Program Files\MiKTeX 2.9\tex\latex\amscls\amsthm.sty"
Package: amsthm 2015/03/04 v2.20.2
\thm@style=\toks21
\thm@bodyfont=\toks22
\thm@headfont=\toks23
\thm@notefont=\toks24
\thm@headpunct=\toks25
\thm@preskip=\skip46
\thm@postskip=\skip47
\thm@headsep=\skip48
\dth@everypar=\toks26
)
("C:\Program Files\MiKTeX 2.9\tex\latex\xcolor\xcolor.sty"
Package: xcolor 2016/05/11 v2.12 LaTeX color extensions (UK)

("C:\Program Files\MiKTeX 2.9\tex\latex\00miktex\color.cfg"
File: color.cfg 2016/01/02 v1.6 sample color configuration
)
Package xcolor Info: Driver file: pdftex.def on input line 225.

("C:\Program Files\MiKTeX 2.9\tex\latex\graphics-def\pdftex.def"
File: pdftex.def 2016/07/10 v0.06j Graphics/color for pdfTeX

("C:\Program Files\MiKTeX 2.9\tex\generic\oberdiek\infwarerr.sty"
Package: infwarerr 2016/05/16 v1.4 Providing info/warning/error messages (HO)
)
("C:\Program Files\MiKTeX 2.9\tex\generic\oberdiek\ltxcmds.sty"
Package: ltxcmds 2016/05/16 v1.23 LaTeX kernel commands for general use (HO)
)
\Gread@gobject=\count100
)
Package xcolor Info: Model `cmy' substituted by `cmy0' on input line 1348.
Package xcolor Info: Model `hsb' substituted by `rgb' on input line 1352.
Package xcolor Info: Model `RGB' extended on input line 1364.
Package xcolor Info: Model `HTML' substituted by `rgb' on input line 1366.
Package xcolor Info: Model `Hsb' substituted by `hsb' on input line 1367.
Package xcolor Info: Model `tHsb' substituted by `hsb' on input line 1368.
Package xcolor Info: Model `HSB' substituted by `hsb' on input line 1369.
Package xcolor Info: Model `Gray' substituted by `gray' on input line 1370.
Package xcolor Info: Model `wave' substituted by `hsb' on input line 1371.
)
("C:\Program Files\MiKTeX 2.9\tex\latex\pdfpages\pdfpages.sty"
Package: pdfpages 2016/12/11 v0.5g Insert pages of external PDF documents (AM)

("C:\Program Files\MiKTeX 2.9\tex\latex\base\ifthen.sty"
Package: ifthen 2014/09/29 v1.1c Standard LaTeX ifthen package (DPC)
)
("C:\Program Files\MiKTeX 2.9\tex\latex\tools\calc.sty"
Package: calc 2014/10/28 v4.3 Infix arithmetic (KKT,FJ)
\calc@Acount=\count101
\calc@Bcount=\count102
\calc@Adimen=\dimen113
\calc@Bdimen=\dimen114
\calc@Askip=\skip49
\calc@Bskip=\skip50
LaTeX Info: Redefining \setlength on input line 80.
LaTeX Info: Redefining \addtolength on input line 81.
\calc@Ccount=\count103
\calc@Cskip=\skip51
)
("C:\Program Files\MiKTeX 2.9\tex\latex\eso-pic\eso-pic.sty"
Package: eso-pic 2015/07/21 v2.0g eso-pic (RN)

("C:\Program Files\MiKTeX 2.9\tex\generic\oberdiek\atbegshi.sty"
Package: atbegshi 2016/06/09 v1.18 At begin shipout hook (HO)

("C:\Program Files\MiKTeX 2.9\tex\generic\oberdiek\ifpdf.sty"
Package: ifpdf 2016/05/14 v3.1 Provides the ifpdf switch
))
("C:\Program Files\MiKTeX 2.9\tex\latex\graphics\keyval.sty"
Package: keyval 2014/10/28 v1.15 key=value parser (DPC)
\KV@toks@=\toks27
))
("C:\Program Files\MiKTeX 2.9\tex\latex\graphics\graphicx.sty"
Package: graphicx 2014/10/28 v1.0g Enhanced LaTeX Graphics (DPC,SPQR)

("C:\Program Files\MiKTeX 2.9\tex\latex\graphics\graphics.sty"
Package: graphics 2016/07/10 v1.0t Standard LaTeX Graphics (DPC,SPQR)

("C:\Program Files\MiKTeX 2.9\tex\latex\graphics\trig.sty"
Package: trig 2016/01/03 v1.10 sin cos tan (DPC)
)
("C:\Program Files\MiKTeX 2.9\tex\latex\00miktex\graphics.cfg"
File: graphics.cfg 2016/06/04 v1.11 sample graphics configuration
)
Package graphics Info: Driver file: pdftex.def on input line 99.
)
\Gin@req@height=\dimen115
\Gin@req@width=\dimen116
)
\AM@pagewidth=\dimen117
\AM@pageheight=\dimen118

("C:\Program Files\MiKTeX 2.9\tex\latex\pdfpages\pppdftex.def"
File: pppdftex.def 2016/12/11 v0.5g Pdfpages driver for pdfTeX (AM)
)
\AM@pagebox=\box28
\AM@global@opts=\toks28
\AM@toc@title=\toks29
\c@AM@survey=\count104
\AM@templatesizebox=\box29
)
("C:\Program Files\MiKTeX 2.9\tex\latex\caption\caption.sty"
Package: caption 2016/02/21 v3.3-144 Customizing captions (AR)

("C:\Program Files\MiKTeX 2.9\tex\latex\caption\caption3.sty"
Package: caption3 2016/05/22 v1.7-166 caption3 kernel (AR)
Package caption3 Info: TeX engine: e-TeX on input line 67.
\captionmargin=\dimen119
\captionmargin@=\dimen120
\captionwidth=\dimen121
\caption@tempdima=\dimen122
\caption@indent=\dimen123
\caption@parindent=\dimen124
\caption@hangindent=\dimen125
Package caption Info: Unknown document class (or package),
(caption)             standard defaults will be used.
)

Package caption Warning: Unsupported document class (or package) detected,
(caption)                usage of the caption package is not recommended.
See the caption package documentation for explanation.

Package caption Info: \@makecaption = \long macro:#1#2->\addvspace \abovecaptio
nskip \bgroup \centeredlast #1.\enspace #2\par \egroup \vskip \belowcaptionskip
 .
\c@ContinuedFloat=\count105
) ("C:\Program Files\MiKTeX 2.9\tex\latex\caption\subcaption.sty"
Package: subcaption 2016/05/22 v1.1-161 Sub-captions (AR)
\c@subfigure=\count106
\c@subtable=\count107
)
("C:\Program Files\MiKTeX 2.9\tex\latex\doublestroke\dsfont.sty"
Package: dsfont 1995/08/01 v0.1 Double stroke roman fonts
)
("C:\Program Files\MiKTeX 2.9\tex\latex\float\float.sty"
Package: float 2001/11/08 v1.3d Float enhancements (AL)
\c@float@type=\count108
\float@exts=\toks30
\float@box=\box30
\@float@everytoks=\toks31
\@floatcapt=\box31
)
("C:\Program Files\MiKTeX 2.9\tex\latex\booktabs\booktabs.sty"
Package: booktabs 2005/04/14 v1.61803 publication quality tables
\heavyrulewidth=\dimen126
\lightrulewidth=\dimen127
\cmidrulewidth=\dimen128
\belowrulesep=\dimen129
\belowbottomsep=\dimen130
\aboverulesep=\dimen131
\abovetopsep=\dimen132
\cmidrulesep=\dimen133
\cmidrulekern=\dimen134
\defaultaddspace=\dimen135
\@cmidla=\count109
\@cmidlb=\count110
\@aboverulesep=\dimen136
\@belowrulesep=\dimen137
\@thisruleclass=\count111
\@lastruleclass=\count112
\@thisrulewidth=\dimen138
)
("C:\Program Files\MiKTeX 2.9\tex\latex\tools\array.sty"
Package: array 2014/10/28 v2.4c Tabular extension package (FMi)
\col@sep=\dimen139
\extrarowheight=\dimen140
\NC@list=\toks32
\extratabsurround=\skip52
\backup@length=\skip53
)
\c@thm=\count113
 (document_KK.aux
(introduction.aux) (chapter1.aux) (chapter2.aux) (chapter3.aux

LaTeX Warning: Label `fig:brain2' multiply defined.

) (summary.aux))
\openout1 = `document_KK.aux'.

LaTeX Font Info:    Checking defaults for OML/cmm/m/it on input line 127.
LaTeX Font Info:    ... okay on input line 127.
LaTeX Font Info:    Checking defaults for T1/cmr/m/n on input line 127.
LaTeX Font Info:    ... okay on input line 127.
LaTeX Font Info:    Checking defaults for OT1/cmr/m/n on input line 127.
LaTeX Font Info:    ... okay on input line 127.
LaTeX Font Info:    Checking defaults for OMS/cmsy/m/n on input line 127.
LaTeX Font Info:    ... okay on input line 127.
LaTeX Font Info:    Checking defaults for OMX/cmex/m/n on input line 127.
LaTeX Font Info:    ... okay on input line 127.
LaTeX Font Info:    Checking defaults for U/cmr/m/n on input line 127.
LaTeX Font Info:    ... okay on input line 127.
 ("C:\Program Files\MiKTeX 2.9\tex\context\base\supp-pdf.mkii"
[Loading MPS to PDF converter (version 2006.09.02).]
\scratchcounter=\count114
\scratchdimen=\dimen141
\scratchbox=\box32
\nofMPsegments=\count115
\nofMParguments=\count116
\everyMPshowfont=\toks33
\MPscratchCnt=\count117
\MPscratchDim=\dimen142
\MPnumerator=\count118
\makeMPintoPDFobject=\count119
\everyMPtoPDFconversion=\toks34
) ("C:\Program Files\MiKTeX 2.9\tex\generic\oberdiek\pdftexcmds.sty"
Package: pdftexcmds 2016/05/21 v0.22 Utility functions of pdfTeX for LuaTeX (HO
)

("C:\Program Files\MiKTeX 2.9\tex\generic\oberdiek\ifluatex.sty"
Package: ifluatex 2016/05/16 v1.4 Provides the ifluatex switch (HO)
Package ifluatex Info: LuaTeX not detected.
)
Package pdftexcmds Info: LuaTeX not detected.
Package pdftexcmds Info: \pdf@primitive is available.
Package pdftexcmds Info: \pdf@ifprimitive is available.
Package pdftexcmds Info: \pdfdraftmode found.
)
("C:\Program Files\MiKTeX 2.9\tex\latex\oberdiek\epstopdf-base.sty"
Package: epstopdf-base 2016/05/15 v2.6 Base part for package epstopdf

("C:\Program Files\MiKTeX 2.9\tex\latex\oberdiek\grfext.sty"
Package: grfext 2016/05/16 v1.2 Manage graphics extensions (HO)

("C:\Program Files\MiKTeX 2.9\tex\generic\oberdiek\kvdefinekeys.sty"
Package: kvdefinekeys 2016/05/16 v1.4 Define keys (HO)
))
("C:\Program Files\MiKTeX 2.9\tex\latex\oberdiek\kvoptions.sty"
Package: kvoptions 2016/05/16 v3.12 Key value format for package options (HO)

("C:\Program Files\MiKTeX 2.9\tex\generic\oberdiek\kvsetkeys.sty"
Package: kvsetkeys 2016/05/16 v1.17 Key value parser (HO)

("C:\Program Files\MiKTeX 2.9\tex\generic\oberdiek\etexcmds.sty"
Package: etexcmds 2016/05/16 v1.6 Avoid name clashes with e-TeX commands (HO)
Package etexcmds Info: Could not find \expanded.
(etexcmds)             That can mean that you are not using pdfTeX 1.50 or
(etexcmds)             that some package has redefined \expanded.
(etexcmds)             In the latter case, load this package earlier.
)))
Package epstopdf-base Info: Redefining graphics rule for `.eps' on input line 4
38.
Package grfext Info: Graphics extension search list:
(grfext)             [.png,.pdf,.jpg,.mps,.jpeg,.jbig2,.jb2,.PNG,.PDF,.JPG,.JPE
G,.JBIG2,.JB2,.eps]
(grfext)             \AppendGraphicsExtensions on input line 456.
)
\AtBeginShipoutBox=\box33

("C:\Program Files\MiKTeX 2.9\tex\latex\oberdiek\pdflscape.sty"
Package: pdflscape 2016/05/14 v0.11 Display of landscape pages in PDF (HO)

("C:\Program Files\MiKTeX 2.9\tex\latex\graphics\lscape.sty"
Package: lscape 2000/10/22 v3.01 Landscape Pages (DPC)
)
Package pdflscape Info: Auto-detected driver: pdftex on input line 81.

("C:\Program Files\MiKTeX 2.9\tex\generic\ifxetex\ifxetex.sty"
Package: ifxetex 2010/09/12 v0.6 Provides ifxetex conditional
))
Package caption Info: Begin \AtBeginDocument code.
Package caption Info: Incompatible package detected (regarding \@caption).
(caption)             \@caption = \long macro:#1[#2]#3->\par \addcontentsline {
\csname ext@#1\endcsname }{#1}{\protect \numberline {\csname the#1\endcsname .}
{\ignorespaces #2}}\begingroup \@parboxrestore \if@minipage \@setminipage \fi \
captionsettings \@makecaption {\csname fnum@#1\endcsname }{\ignorespaces #3}\pa
r \endgroup .


Package caption Warning: Forced redefinition of \caption since the
(caption)                unsupported(!) package option `compatibility=false'
(caption)                was given.
See the caption package documentation for explanation.

Package caption Info: float package is loaded.
Package caption Info: End \AtBeginDocument code.
<title_page.pdf, id=1, 597.50829pt x 845.0471pt>
File: title_page.pdf Graphic file (type pdf)
 <use title_page.pdf>
Package pdftex.def Info: title_page.pdf used on input line 130.
(pdftex.def)             Requested size: 597.50682pt x 845.04504pt.
File: title_page.pdf Graphic file (type pdf)

<use title_page.pdf>
Package pdftex.def Info: title_page.pdf used on input line 130.
(pdftex.def)             Requested size: 597.50682pt x 845.04504pt.
 <title_page.pdf, id=4, page=1, 597.50829pt x 845.0471pt>
File: title_page.pdf Graphic file (type pdf)

<use title_page.pdf, page 1>
Package pdftex.def Info: title_page.pdf, page1 used on input line 130.
(pdftex.def)             Requested size: 597.50682pt x 845.04504pt.
File: title_page.pdf Graphic file (type pdf)
 <use title_page.pdf, page 1>
Package pdftex.def Info: title_page.pdf, page1 used on input line 130.
(pdftex.def)             Requested size: 597.53416pt x 845.08372pt.
File: title_page.pdf Graphic file (type pdf)

<use title_page.pdf, page 1>
Package pdftex.def Info: title_page.pdf, page1 used on input line 130.
(pdftex.def)             Requested size: 597.53416pt x 845.08372pt.
File: title_page.pdf Graphic file (type pdf)
 <use title_page.pdf, page 1>
Package pdftex.def Info: title_page.pdf, page1 used on input line 130.
(pdftex.def)             Requested size: 597.53416pt x 845.08372pt.
File: title_page.pdf Graphic file (type pdf)

<use title_page.pdf, page 1>
Package pdftex.def Info: title_page.pdf, page1 used on input line 130.
(pdftex.def)             Requested size: 597.53416pt x 845.08372pt.
 [1


 <./title_page.pdf{C:/ProgramData/MiKTeX/2.9/pdftex/config/pdftex.map}>] [2

] (document_KK.toc
LaTeX Font Info:    Try loading font information for U+msa on input line 1.

("C:\Program Files\MiKTeX 2.9\tex\latex\amsfonts\umsa.fd"
File: umsa.fd 2013/01/14 v3.01 AMS symbols A
)
LaTeX Font Info:    Try loading font information for U+msb on input line 1.

("C:\Program Files\MiKTeX 2.9\tex\latex\amsfonts\umsb.fd"
File: umsb.fd 2013/01/14 v3.01 AMS symbols B
))
\tf@toc=\write3
\openout3 = `document_KK.toc'.

 [3]
\openout2 = `introduction.aux'.


(introduction.tex [4


]
Overfull \hbox (2.7075pt too wide) in paragraph at lines 23--24
[]\OT1/cmr/m/n/12 Regression. Uses to pre-dict fu-ture val-ues based on his-tor
-i-cal data. Wavelet
 []


Underfull \vbox (badness 10000) has occurred while \output is active []

 [5])
[6]
\openout2 = `chapter1.aux'.

 (chapter1.tex
Chapter 1.
<wavelets_with_bottom_line.png, id=62, 999.735pt x 558.085pt>
File: wavelets_with_bottom_line.png Graphic file (type png)

<use wavelets_with_bottom_line.png>
Package pdftex.def Info: wavelets_with_bottom_line.png used on input line 30.
(pdftex.def)             Requested size: 390.0pt x 217.71188pt.
 [7



 <./wavelets_with_bottom_line.png>]
<Haar_wavelet.png, id=76, 803.0pt x 602.25pt>
File: Haar_wavelet.png Graphic file (type png)
 <use Haar_wavelet.png>
Package pdftex.def Info: Haar_wavelet.png used on input line 74.
(pdftex.def)             Requested size: 195.0pt x 146.25221pt.


LaTeX Warning: `h' float specifier changed to `ht'.

<DB_N.png, id=77, 1631.09375pt x 725.71124pt>
File: DB_N.png Graphic file (type png)
 <use DB_N.png>
Package pdftex.def Info: DB_N.png used on input line 85.
(pdftex.def)             Requested size: 390.0pt x 173.52092pt.


LaTeX Warning: `h' float specifier changed to `ht'.

[8]
Underfull \hbox (badness 6792) in paragraph at lines 137--138
[]|\OT1/cmr/m/n/12 Scaled and trans-lated mother
 []

[9 <./Haar_wavelet.png> <./DB_N.png>]
<DWT.png, id=86, 568.1225pt x 173.64874pt>
File: DWT.png Graphic file (type png)
 <use DWT.png>
Package pdftex.def Info: DWT.png used on input line 173.
(pdftex.def)             Requested size: 390.0pt x 119.20833pt.


LaTeX Warning: `h' float specifier changed to `ht'.

[10] <2D_DWT.JPG, id=91, 144.54pt x 58.2978pt>
File: 2D_DWT.JPG Graphic file (type jpg)
 <use 2D_DWT.JPG>
Package pdftex.def Info: 2D_DWT.JPG used on input line 194.
(pdftex.def)             Requested size: 390.0pt x 157.30829pt.
 [11 <./DWT.png (PNG copy)> <./2D_DWT.JPG>]) [12]
\openout2 = `chapter2.aux'.

 (chapter2.tex
Chapter 2.

Underfull \hbox (badness 10000) in paragraph at lines 8--9

 []

<graphs/square.png, id=99, 256.96pt x 256.96pt>
File: graphs/square.png Graphic file (type png)
 <use graphs/square.png>
Package pdftex.def Info: graphs/square.png used on input line 29.
(pdftex.def)             Requested size: 117.00119pt x 117.00323pt.

[13



 <./graphs/square.png (PNG copy)>]
<graphs/square_db2_coeffs.png, id=105, 987.2082pt x 484.9317pt>
File: graphs/square_db2_coeffs.png Graphic file (type png)

<use graphs/square_db2_coeffs.png>
Package pdftex.def Info: graphs/square_db2_coeffs.png used on input line 37.
(pdftex.def)             Requested size: 390.0pt x 191.57181pt.

<graphs/square_db2_coeffs_d.png, id=106, 987.2082pt x 484.9317pt>
File: graphs/square_db2_coeffs_d.png Graphic file (type png)

<use graphs/square_db2_coeffs_d.png>
Package pdftex.def Info: graphs/square_db2_coeffs_d.png used on input line 46.
(pdftex.def)             Requested size: 390.0pt x 191.57181pt.
 [14 <./graphs/square_db2_coeffs.png> <./graphs/square_db2_coeffs_d.png>]
<graphs/square_db2.png, id=112, 256.96pt x 256.96pt>
File: graphs/square_db2.png Graphic file (type png)

<use graphs/square_db2.png>
Package pdftex.def Info: graphs/square_db2.png used on input line 57.
(pdftex.def)             Requested size: 117.00119pt x 117.00323pt.

<graphs/square_db2_pp.png, id=113, 256.96pt x 256.96pt>
File: graphs/square_db2_pp.png Graphic file (type png)

<use graphs/square_db2_pp.png>
Package pdftex.def Info: graphs/square_db2_pp.png used on input line 68.
(pdftex.def)             Requested size: 117.00119pt x 117.00323pt.

Overfull \hbox (2.18481pt too wide) in paragraph at lines 76--77
[]\OT1/cmr/m/n/12 The wavelets prop-erty of van-ish-ing mo-ments guar-an-tee th
at big-ger wavelet
 []

[15 <./graphs/square_db2.png (PNG copy)> <./graphs/square_db2_pp.png (PNG copy)
>] <graphs/square_s10.png, id=117, 256.96pt x 256.96pt>
File: graphs/square_s10.png Graphic file (type png)

<use graphs/square_s10.png>
Package pdftex.def Info: graphs/square_s10.png used on input line 104.
(pdftex.def)             Requested size: 117.00119pt x 117.00323pt.

<graphs/square_s10_db1_coeffs.png, id=118, 987.2082pt x 484.9317pt>
File: graphs/square_s10_db1_coeffs.png Graphic file (type png)

<use graphs/square_s10_db1_coeffs.png>
Package pdftex.def Info: graphs/square_s10_db1_coeffs.png used on input line 11
3.
(pdftex.def)             Requested size: 390.0pt x 191.57181pt.

<graphs/square_s10_db1_hard_coeffs_d.png, id=119, 987.2082pt x 484.9317pt>
File: graphs/square_s10_db1_hard_coeffs_d.png Graphic file (type png)

<use graphs/square_s10_db1_hard_coeffs_d.png>
Package pdftex.def Info: graphs/square_s10_db1_hard_coeffs_d.png used on input 
line 122.
(pdftex.def)             Requested size: 390.0pt x 191.57181pt.
 [16 <./graphs/square_s10.png (PNG copy)> <./graphs/square_s10_db1_coeffs.png>]

<graphs/square_s10_db1_soft_coeffs_d.png, id=124, 987.2082pt x 484.9317pt>
File: graphs/square_s10_db1_soft_coeffs_d.png Graphic file (type png)

<use graphs/square_s10_db1_soft_coeffs_d.png>
Package pdftex.def Info: graphs/square_s10_db1_soft_coeffs_d.png used on input 
line 129.
(pdftex.def)             Requested size: 390.0pt x 191.57181pt.

<graphs/square_s10_db1_hard_pp.png, id=125, 256.96pt x 256.96pt>
File: graphs/square_s10_db1_hard_pp.png Graphic file (type png)

<use graphs/square_s10_db1_hard_pp.png>
Package pdftex.def Info: graphs/square_s10_db1_hard_pp.png used on input line 1
37.
(pdftex.def)             Requested size: 87.7494pt x 87.74948pt.

<graphs/square_s10_db1_soft_pp.png, id=126, 256.96pt x 256.96pt>
File: graphs/square_s10_db1_soft_pp.png Graphic file (type png)

<use graphs/square_s10_db1_soft_pp.png>
Package pdftex.def Info: graphs/square_s10_db1_soft_pp.png used on input line 1
37.
(pdftex.def)             Requested size: 87.7494pt x 87.74948pt.


LaTeX Warning: `h' float specifier changed to `ht'.

[17 <./graphs/square_s10_db1_hard_coeffs_d.png> <./graphs/square_s10_db1_soft_c
oeffs_d.png>] <graphs/diamond_s16.png, id=132, 363.3575pt x 363.3575pt>
File: graphs/diamond_s16.png Graphic file (type png)

<use graphs/diamond_s16.png>
Package pdftex.def Info: graphs/diamond_s16.png used on input line 154.
(pdftex.def)             Requested size: 93.6013pt x 93.60025pt.

<graphs/diamond_s10.png, id=133, 363.3575pt x 363.3575pt>
File: graphs/diamond_s10.png Graphic file (type png)

<use graphs/diamond_s10.png>
Package pdftex.def Info: graphs/diamond_s10.png used on input line 154.
(pdftex.def)             Requested size: 93.6013pt x 93.60025pt.

<graphs/diamond_s4.png, id=134, 363.3575pt x 363.3575pt>
File: graphs/diamond_s4.png Graphic file (type png)

<use graphs/diamond_s4.png>
Package pdftex.def Info: graphs/diamond_s4.png used on input line 154.
(pdftex.def)             Requested size: 93.6013pt x 93.60025pt.

<graphs/diamond_s16_db1_95_pp.png, id=135, 363.3575pt x 363.3575pt>
File: graphs/diamond_s16_db1_95_pp.png Graphic file (type png)

<use graphs/diamond_s16_db1_95_pp.png>
Package pdftex.def Info: graphs/diamond_s16_db1_95_pp.png used on input line 16
4.
(pdftex.def)             Requested size: 93.6013pt x 93.60025pt.

<graphs/diamond_s10_db1_95_pp.png, id=136, 363.3575pt x 363.3575pt>
File: graphs/diamond_s10_db1_95_pp.png Graphic file (type png)

<use graphs/diamond_s10_db1_95_pp.png>
Package pdftex.def Info: graphs/diamond_s10_db1_95_pp.png used on input line 16
4.
(pdftex.def)             Requested size: 93.6013pt x 93.60025pt.

<graphs/diamond_s4_db1_95_pp.png, id=137, 363.3575pt x 363.3575pt>
File: graphs/diamond_s4_db1_95_pp.png Graphic file (type png)

<use graphs/diamond_s4_db1_95_pp.png>
Package pdftex.def Info: graphs/diamond_s4_db1_95_pp.png used on input line 164
.
(pdftex.def)             Requested size: 93.6013pt x 93.60025pt.


LaTeX Warning: `h' float specifier changed to `ht'.

<graphs/diamond_s16_db1_99_pp.png, id=138, 363.3575pt x 363.3575pt>
File: graphs/diamond_s16_db1_99_pp.png Graphic file (type png)

<use graphs/diamond_s16_db1_99_pp.png>
Package pdftex.def Info: graphs/diamond_s16_db1_99_pp.png used on input line 17
2.
(pdftex.def)             Requested size: 93.6013pt x 93.60025pt.

<graphs/diamond_s10_db1_99_pp.png, id=139, 363.3575pt x 363.3575pt>
File: graphs/diamond_s10_db1_99_pp.png Graphic file (type png)

<use graphs/diamond_s10_db1_99_pp.png>
Package pdftex.def Info: graphs/diamond_s10_db1_99_pp.png used on input line 17
2.
(pdftex.def)             Requested size: 93.6013pt x 93.60025pt.

<graphs/diamond_s4_db1_99_pp.png, id=140, 363.3575pt x 363.3575pt>
File: graphs/diamond_s4_db1_99_pp.png Graphic file (type png)

<use graphs/diamond_s4_db1_99_pp.png>
Package pdftex.def Info: graphs/diamond_s4_db1_99_pp.png used on input line 172
.
(pdftex.def)             Requested size: 93.6013pt x 93.60025pt.


LaTeX Warning: `h' float specifier changed to `ht'.

<graphs/diamond_s16_db1_98_pp.png, id=141, 363.3575pt x 363.3575pt>
File: graphs/diamond_s16_db1_98_pp.png Graphic file (type png)

<use graphs/diamond_s16_db1_98_pp.png>
Package pdftex.def Info: graphs/diamond_s16_db1_98_pp.png used on input line 18
2.
(pdftex.def)             Requested size: 93.6013pt x 93.60025pt.

<graphs/diamond_s10_db1_98_pp.png, id=142, 363.3575pt x 363.3575pt>
File: graphs/diamond_s10_db1_98_pp.png Graphic file (type png)

<use graphs/diamond_s10_db1_98_pp.png>
Package pdftex.def Info: graphs/diamond_s10_db1_98_pp.png used on input line 18
2.
(pdftex.def)             Requested size: 93.6013pt x 93.60025pt.

<graphs/diamond_s4_db1_98_pp.png, id=143, 363.3575pt x 363.3575pt>
File: graphs/diamond_s4_db1_98_pp.png Graphic file (type png)

<use graphs/diamond_s4_db1_98_pp.png>
Package pdftex.def Info: graphs/diamond_s4_db1_98_pp.png used on input line 182
.
(pdftex.def)             Requested size: 93.6013pt x 93.60025pt.


LaTeX Warning: `h' float specifier changed to `ht'.

[18 <./graphs/square_s10_db1_hard_pp.png (PNG copy)> <./graphs/square_s10_db1_s
oft_pp.png (PNG copy)> <./graphs/diamond_s16.png (PNG copy)> <./graphs/diamond_
s10.png (PNG copy)> <./graphs/diamond_s4.png (PNG copy)>]
<graphs/camera.png, id=148, 513.92pt x 513.92pt>
File: graphs/camera.png Graphic file (type png)
 <use graphs/camera.png>
Package pdftex.def Info: graphs/camera.png used on input line 202.
(pdftex.def)             Requested size: 157.94785pt x 157.94908pt.

<graphs/camera_haar_pp.png, id=149, 513.92pt x 513.92pt>
File: graphs/camera_haar_pp.png Graphic file (type png)

<use graphs/camera_haar_pp.png>
Package pdftex.def Info: graphs/camera_haar_pp.png used on input line 202.
(pdftex.def)             Requested size: 157.94785pt x 157.94908pt.


LaTeX Warning: `h' float specifier changed to `ht'.

<graphs/camera_db2_pp.png, id=150, 513.92pt x 513.92pt>
File: graphs/camera_db2_pp.png Graphic file (type png)

<use graphs/camera_db2_pp.png>
Package pdftex.def Info: graphs/camera_db2_pp.png used on input line 213.
(pdftex.def)             Requested size: 157.94785pt x 157.94908pt.

<graphs/camera_db4_pp.png, id=151, 513.92pt x 513.92pt>
File: graphs/camera_db4_pp.png Graphic file (type png)

<use graphs/camera_db4_pp.png>
Package pdftex.def Info: graphs/camera_db4_pp.png used on input line 213.
(pdftex.def)             Requested size: 157.94785pt x 157.94908pt.

<graphs/camera_db6_pp.png, id=152, 513.92pt x 513.92pt>
File: graphs/camera_db6_pp.png Graphic file (type png)

<use graphs/camera_db6_pp.png>
Package pdftex.def Info: graphs/camera_db6_pp.png used on input line 216.
(pdftex.def)             Requested size: 157.94785pt x 157.94908pt.

<graphs/camera_db8_pp.png, id=153, 513.92pt x 513.92pt>
File: graphs/camera_db8_pp.png Graphic file (type png)

<use graphs/camera_db8_pp.png>
Package pdftex.def Info: graphs/camera_db8_pp.png used on input line 216.
(pdftex.def)             Requested size: 157.94785pt x 157.94908pt.


LaTeX Warning: `h' float specifier changed to `ht'.

[19 <./graphs/diamond_s16_db1_95_pp.png (PNG copy)> <./graphs/diamond_s10_db1_9
5_pp.png (PNG copy)> <./graphs/diamond_s4_db1_95_pp.png (PNG copy)> <./graphs/d
iamond_s16_db1_99_pp.png (PNG copy)> <./graphs/diamond_s10_db1_99_pp.png (PNG c
opy)> <./graphs/diamond_s4_db1_99_pp.png (PNG copy)>]
File: graphs/square.png Graphic file (type png)
 <use graphs/square.png>
Package pdftex.def Info: graphs/square.png used on input line 227.
(pdftex.def)             Requested size: 87.7494pt x 87.74948pt.

<graphs/square_haar_pp.png, id=158, 256.96pt x 256.96pt>
File: graphs/square_haar_pp.png Graphic file (type png)

<use graphs/square_haar_pp.png>
Package pdftex.def Info: graphs/square_haar_pp.png used on input line 227.
(pdftex.def)             Requested size: 87.7494pt x 87.74948pt.
File: graphs/square_db2_pp.png Graphic file (type png)
 <use graphs/square_db2_pp.png>
Package pdftex.def Info: graphs/square_db2_pp.png used on input line 230.
(pdftex.def)             Requested size: 87.7494pt x 87.74948pt.

<graphs/square_db4_pp.png, id=159, 256.96pt x 256.96pt>
File: graphs/square_db4_pp.png Graphic file (type png)

<use graphs/square_db4_pp.png>
Package pdftex.def Info: graphs/square_db4_pp.png used on input line 230.
(pdftex.def)             Requested size: 87.7494pt x 87.74948pt.


LaTeX Warning: `h' float specifier changed to `ht'.

<graphs/rotated_square.png, id=160, 315.1775pt x 315.1775pt>
File: graphs/rotated_square.png Graphic file (type png)

<use graphs/rotated_square.png>
Package pdftex.def Info: graphs/rotated_square.png used on input line 241.
(pdftex.def)             Requested size: 87.7494pt x 87.74893pt.

<graphs/rotated_square_haar_pp.png, id=161, 315.1775pt x 315.1775pt>
File: graphs/rotated_square_haar_pp.png Graphic file (type png)

<use graphs/rotated_square_haar_pp.png>
Package pdftex.def Info: graphs/rotated_square_haar_pp.png used on input line 2
41.
(pdftex.def)             Requested size: 87.7494pt x 87.74893pt.

<graphs/rotated_square_db2_pp.png, id=162, 315.1775pt x 315.1775pt>
File: graphs/rotated_square_db2_pp.png Graphic file (type png)

<use graphs/rotated_square_db2_pp.png>
Package pdftex.def Info: graphs/rotated_square_db2_pp.png used on input line 24
4.
(pdftex.def)             Requested size: 87.7494pt x 87.74893pt.

<graphs/rotated_square_db4_pp.png, id=163, 315.1775pt x 315.1775pt>
File: graphs/rotated_square_db4_pp.png Graphic file (type png)

<use graphs/rotated_square_db4_pp.png>
Package pdftex.def Info: graphs/rotated_square_db4_pp.png used on input line 24
4.
(pdftex.def)             Requested size: 87.7494pt x 87.74893pt.

<graphs/rotated_square_db6_pp.png, id=164, 315.1775pt x 315.1775pt>
File: graphs/rotated_square_db6_pp.png Graphic file (type png)

<use graphs/rotated_square_db6_pp.png>
Package pdftex.def Info: graphs/rotated_square_db6_pp.png used on input line 24
7.
(pdftex.def)             Requested size: 87.7494pt x 87.74893pt.

<graphs/rotated_square_db8_pp.png, id=165, 315.1775pt x 315.1775pt>
File: graphs/rotated_square_db8_pp.png Graphic file (type png)

<use graphs/rotated_square_db8_pp.png>
Package pdftex.def Info: graphs/rotated_square_db8_pp.png used on input line 24
7.
(pdftex.def)             Requested size: 87.7494pt x 87.74893pt.


LaTeX Warning: `h' float specifier changed to `ht'.

<graphs/frog.png, id=166, 1129.21875pt x 637.38126pt>
File: graphs/frog.png Graphic file (type png)
 <use graphs/frog.png>
Package pdftex.def Info: graphs/frog.png used on input line 258.
(pdftex.def)             Requested size: 253.49762pt x 143.08365pt.

<graphs/frog_haar_pp.png, id=167, 1130.2225pt x 638.385pt>
File: graphs/frog_haar_pp.png Graphic file (type png)

<use graphs/frog_haar_pp.png>
Package pdftex.def Info: graphs/frog_haar_pp.png used on input line 261.
(pdftex.def)             Requested size: 253.49762pt x 143.18233pt.

<graphs/frog_db2_pp.png, id=168, 1130.2225pt x 638.385pt>
File: graphs/frog_db2_pp.png Graphic file (type png)

<use graphs/frog_db2_pp.png>
Package pdftex.def Info: graphs/frog_db2_pp.png used on input line 264.
(pdftex.def)             Requested size: 253.49762pt x 143.18233pt.

<graphs/frog_db6_pp.png, id=169, 1130.2225pt x 638.385pt>
File: graphs/frog_db6_pp.png Graphic file (type png)

<use graphs/frog_db6_pp.png>
Package pdftex.def Info: graphs/frog_db6_pp.png used on input line 267.
(pdftex.def)             Requested size: 253.49762pt x 143.18233pt.


LaTeX Warning: Float too large for page by 22.53058pt on input line 272.


LaTeX Warning: `h' float specifier changed to `ht'.

) [20 <./graphs/diamond_s16_db1_98_pp.png (PNG copy)> <./graphs/diamond_s10_db1
_98_pp.png (PNG copy)> <./graphs/diamond_s4_db1_98_pp.png (PNG copy)> <./graphs
/camera.png (PNG copy)> <./graphs/camera_haar_pp.png (PNG copy)>] [21 <./graphs
/camera_db2_pp.png (PNG copy)> <./graphs/camera_db4_pp.png (PNG copy)> <./graph
s/camera_db6_pp.png (PNG copy)> <./graphs/camera_db8_pp.png (PNG copy)>]
[22 <./graphs/square_haar_pp.png (PNG copy)> <./graphs/square_db4_pp.png (PNG c
opy)> <./graphs/rotated_square.png (PNG copy)> <./graphs/rotated_square_haar_pp
.png (PNG copy)> <./graphs/rotated_square_db2_pp.png (PNG copy)> <./graphs/rota
ted_square_db4_pp.png (PNG copy)> <./graphs/rotated_square_db6_pp.png (PNG copy
)> <./graphs/rotated_square_db8_pp.png (PNG copy)>] [23 <./graphs/frog.png (PNG
 copy)> <./graphs/frog_haar_pp.png (PNG copy)> <./graphs/frog_db2_pp.png (PNG c
opy)> <./graphs/frog_db6_pp.png (PNG copy)>]
\openout2 = `chapter3.aux'.

 (chapter3.tex [24



]
Chapter 3.
<graphs/brain2.png, id=185, 196.735pt x 216.81pt>
File: graphs/brain2.png Graphic file (type png)
 <use graphs/brain2.png>
Package pdftex.def Info: graphs/brain2.png used on input line 13.
(pdftex.def)             Requested size: 157.94785pt x 174.06355pt.

<graphs/brain2_haar_100_0.png, id=186, 196.735pt x 216.81pt>
File: graphs/brain2_haar_100_0.png Graphic file (type png)

<use graphs/brain2_haar_100_0.png>
Package pdftex.def Info: graphs/brain2_haar_100_0.png used on input line 13.
(pdftex.def)             Requested size: 157.94785pt x 174.06355pt.


LaTeX Warning: `h' float specifier changed to `ht'.

<graphs/brain_MRI_tumour.png, id=187, 803.0pt x 451.6875pt>
File: graphs/brain_MRI_tumour.png Graphic file (type png)

<use graphs/brain_MRI_tumour.png>
Package pdftex.def Info: graphs/brain_MRI_tumour.png used on input line 23.
(pdftex.def)             Requested size: 253.49762pt x 142.59245pt.

<graphs/brain_MRI_tumour_haar_100_0.png, id=188, 803.0pt x 451.6875pt>
File: graphs/brain_MRI_tumour_haar_100_0.png Graphic file (type png)

<use graphs/brain_MRI_tumour_haar_100_0.png>
Package pdftex.def Info: graphs/brain_MRI_tumour_haar_100_0.png used on input l
ine 26.
(pdftex.def)             Requested size: 253.49762pt x 142.59245pt.


LaTeX Warning: `h' float specifier changed to `ht'.

<graphs/lungs1.png, id=189, 501.875pt x 406.51875pt>
File: graphs/lungs1.png Graphic file (type png)
 <use graphs/lungs1.png>
Package pdftex.def Info: graphs/lungs1.png used on input line 36.
(pdftex.def)             Requested size: 157.94785pt x 127.93622pt.

<graphs/lungs1_haar_100_0.png, id=190, 501.875pt x 407.5225pt>
File: graphs/lungs1_haar_100_0.png Graphic file (type png)

<use graphs/lungs1_haar_100_0.png>
Package pdftex.def Info: graphs/lungs1_haar_100_0.png used on input line 36.
(pdftex.def)             Requested size: 157.94785pt x 128.2521pt.


LaTeX Warning: `h' float specifier changed to `ht'.

<graphs/broken_bone.png, id=191, 622.325pt x 351.3125pt>
File: graphs/broken_bone.png Graphic file (type png)

<use graphs/broken_bone.png>
Package pdftex.def Info: graphs/broken_bone.png used on input line 46.
(pdftex.def)             Requested size: 157.94785pt x 89.16269pt.

<graphs/broken_bone_haar_100_0.png, id=192, 622.325pt x 351.3125pt>
File: graphs/broken_bone_haar_100_0.png Graphic file (type png)

<use graphs/broken_bone_haar_100_0.png>
Package pdftex.def Info: graphs/broken_bone_haar_100_0.png used on input line 4
6.
(pdftex.def)             Requested size: 157.94785pt x 89.16269pt.


LaTeX Warning: `h' float specifier changed to `ht'.

<graphs/leg1.png, id=193, 199.74625pt x 301.125pt>
File: graphs/leg1.png Graphic file (type png)
 <use graphs/leg1.png>
Package pdftex.def Info: graphs/leg1.png used on input line 55.
(pdftex.def)             Requested size: 157.94785pt x 238.12506pt.

<graphs/leg1_haar_100_0.png, id=194, 200.75pt x 301.125pt>
File: graphs/leg1_haar_100_0.png Graphic file (type png)

<use graphs/leg1_haar_100_0.png>
Package pdftex.def Info: graphs/leg1_haar_100_0.png used on input line 55.
(pdftex.def)             Requested size: 157.94785pt x 236.9396pt.


LaTeX Warning: `h' float specifier changed to `ht'.

) [25] [26 <./graphs/brain2.png (PNG copy)> <./graphs/brain2_haar_100_0.png (PN
G copy)> <./graphs/brain_MRI_tumour.png (PNG copy)> <./graphs/brain_MRI_tumour_
haar_100_0.png (PNG copy)>] [27 <./graphs/lungs1.png (PNG copy)> <./graphs/lung
s1_haar_100_0.png (PNG copy)> <./graphs/broken_bone.png (PNG copy)> <./graphs/b
roken_bone_haar_100_0.png (PNG copy)> <./graphs/leg1.png (PNG copy)> <./graphs/
leg1_haar_100_0.png (PNG copy)>]
\openout2 = `summary.aux'.

 (summary.tex [28



]) [29] [30


] (document_KK.lof
Overfull \hbox (6.01338pt too wide) in paragraph at lines 5--5
 \OT1/cmr/m/n/10.95 Source: http://radio.feld.cvut.cz/matlab/toolbox/wavelet/ch
01[]31a.html. [][]  
 []

)
\tf@lof=\write4
\openout4 = `document_KK.lof'.

 (document_KK.bbl [31] [32

]) [33] (document_KK.aux (introduction.aux)
(chapter1.aux) (chapter2.aux) (chapter3.aux) (summary.aux))

LaTeX Warning: There were multiply-defined labels.

 ) 
Here is how much of TeX's memory you used:
 5998 strings out of 493334
 89508 string characters out of 3139251
 164565 words of memory out of 3000000
 9318 multiletter control sequences out of 15000+200000
 12198 words of font info for 46 fonts, out of 3000000 for 9000
 1141 hyphenation exceptions out of 8191
 40i,18n,47p,1001b,489s stack positions out of 5000i,500n,10000p,200000b,50000s
<C:/Program Files/MiKTeX 2.9/fonts/type1/public/amsfonts/cm/cmbx10.pfb><C:/Pr
ogram Files/MiKTeX 2.9/fonts/type1/public/amsfonts/cm/cmbx12.pfb><C:/Program Fi
les/MiKTeX 2.9/fonts/type1/public/amsfonts/cm/cmex10.pfb><C:/Program Files/MiKT
eX 2.9/fonts/type1/public/amsfonts/cm/cmmi10.pfb><C:/Program Files/MiKTeX 2.9/f
onts/type1/public/amsfonts/cm/cmmi12.pfb><C:/Program Files/MiKTeX 2.9/fonts/typ
e1/public/amsfonts/cm/cmmi6.pfb><C:/Program Files/MiKTeX 2.9/fonts/type1/public
/amsfonts/cm/cmmi8.pfb><C:/Program Files/MiKTeX 2.9/fonts/type1/public/amsfonts
/cm/cmr10.pfb><C:/Program Files/MiKTeX 2.9/fonts/type1/public/amsfonts/cm/cmr12
.pfb><C:/Program Files/MiKTeX 2.9/fonts/type1/public/amsfonts/cm/cmr6.pfb><C:/P
rogram Files/MiKTeX 2.9/fonts/type1/public/amsfonts/cm/cmr8.pfb><C:/Program Fil
es/MiKTeX 2.9/fonts/type1/public/amsfonts/cm/cmsy10.pfb><C:/Program Files/MiKTe
X 2.9/fonts/type1/public/amsfonts/cm/cmsy6.pfb><C:/Program Files/MiKTeX 2.9/fon
ts/type1/public/amsfonts/cm/cmsy8.pfb><C:/Program Files/MiKTeX 2.9/fonts/type1/
public/amsfonts/cm/cmti10.pfb><C:/Program Files/MiKTeX 2.9/fonts/type1/public/a
msfonts/cm/cmtt12.pfb><C:/Program Files/MiKTeX 2.9/fonts/type1/public/fpl/fplrc
8a.pfb><C:/Program Files/MiKTeX 2.9/fonts/type1/public/fpl/fplrij8a.pfb><C:/Pro
gram Files/MiKTeX 2.9/fonts/type1/public/amsfonts/symbols/msbm10.pfb><C:/Progra
m Files/MiKTeX 2.9/fonts/type1/urw/palatino/uplb8a.pfb><C:/Program Files/MiKTeX
 2.9/fonts/type1/urw/palatino/uplr8a.pfb><C:/Program Files/MiKTeX 2.9/fonts/typ
e1/urw/palatino/uplri8a.pfb>
Output written on document_KK.pdf (33 pages, 2783992 bytes).
PDF statistics:
 282 PDF objects out of 1000 (max. 8388607)
 0 named destinations out of 1000 (max. 500000)
 301 words of extra memory for PDF output out of 10000 (max. 10000000)

